00:00:00.001455 main     VirtualBox XPCOM Server 6.1.0 r135406 linux.amd64 (Dec 12 2019 21:11:25) release log
00:00:00.001457 main     Log opened 2020-01-07T01:39:59.895635000Z
00:00:00.001458 main     Build Type: release
00:00:00.001459 main     OS Product: Linux
00:00:00.001460 main     OS Release: 5.4.8-zen1-1-zen
00:00:00.001460 main     OS Version: #1 ZEN SMP PREEMPT Sat, 04 Jan 2020 23:38:36 +0000
00:00:00.001475 main     DMI Product Name: ZenBook UX433FA_UX433FA
00:00:00.001479 main     DMI Product Version: 1.0       
00:00:00.001482 main     Firmware type: UEFI
00:00:00.002077 main     Secure Boot: Disabled
00:00:00.002115 main     Host RAM: 7775MB (7.5GB) total, 6975MB (6.8GB) available
00:00:00.002117 main     Executable: /usr/lib/virtualbox/VBoxSVC
00:00:00.002117 main     Process ID: 1370
00:00:00.002118 main     Package type: LINUX_64BITS_GENERIC (OSE)
00:00:00.003784 main     IPC socket path: /tmp/.vbox-michael-ipc/ipcd
00:00:00.110839 nspr-2   VirtualBox: object creation starts
00:00:00.111224 nspr-2   Home directory: '/home/michael/.config/VirtualBox'
00:00:00.112288 nspr-2   Loading settings file "/home/michael/.config/VirtualBox/VirtualBox.xml" with version "1.14-linux"
00:00:00.130456 nspr-2   NetIfAdpCtlOut: VBoxNetAdpCtl: Error while retrieving link speed for wlo1: VBoxNetAdpCtl: ioctl failed: Operation not supported
00:00:00.132188 nspr-2   HostDnsMonitor: initializing
00:00:00.132675 nspr-2   NAT: resolv.conf: nameserver 8.8.8.8
00:00:00.132704 nspr-2   NAT: resolv.conf: nameserver 8.8.4.4
00:00:00.132724 nspr-2   HostDnsMonitor: updating information
00:00:00.132771 nspr-2   HostDnsMonitor: old information
00:00:00.132778 nspr-2     no server entries
00:00:00.132784 nspr-2     no domain set
00:00:00.132790 nspr-2     no search string entries
00:00:00.132796 nspr-2   HostDnsMonitor: new information
00:00:00.132802 nspr-2     server 1: 8.8.8.8
00:00:00.132809 nspr-2     server 2: 8.8.4.4
00:00:00.132815 nspr-2     no domain set
00:00:00.132820 nspr-2     no search string entries
00:00:00.139591 nspr-2   VD: VDInit finished with VINF_SUCCESS
00:00:00.142462 nspr-2   VirtualBox: object created
